  vj2.c
C:\Users\KORISNIK\source\repos\lab2\lab2\vj2.c(6,15): error C2143: syntax error: missing '{' before '*'
C:\Users\KORISNIK\source\repos\lab2\lab2\vj2.c(12,2): error C2061: syntax error: identifier 'Position'
C:\Users\KORISNIK\source\repos\lab2\lab2\vj2.c(13,1): error C2059: syntax error: '}'
C:\Users\KORISNIK\source\repos\lab2\lab2\vj2.c(14,25): error C2146: syntax error: missing ')' before identifier 'Head'
C:\Users\KORISNIK\source\repos\lab2\lab2\vj2.c(14,25): error C2061: syntax error: identifier 'Head'
C:\Users\KORISNIK\source\repos\lab2\lab2\vj2.c(14,25): error C2059: syntax error: ';'
C:\Users\KORISNIK\source\repos\lab2\lab2\vj2.c(14,29): error C2059: syntax error: ')'
C:\Users\KORISNIK\source\repos\lab2\lab2\vj2.c(15,29): error C2146: syntax error: missing ')' before identifier 'Head'
C:\Users\KORISNIK\source\repos\lab2\lab2\vj2.c(15,29): error C2061: syntax error: identifier 'Head'
C:\Users\KORISNIK\source\repos\lab2\lab2\vj2.c(15,29): error C2059: syntax error: ';'
C:\Users\KORISNIK\source\repos\lab2\lab2\vj2.c(15,33): error C2059: syntax error: ')'
C:\Users\KORISNIK\source\repos\lab2\lab2\vj2.c(16,10): error C2061: syntax error: identifier 'createPerson'
C:\Users\KORISNIK\source\repos\lab2\lab2\vj2.c(16,10): error C2059: syntax error: ';'
C:\Users\KORISNIK\source\repos\lab2\lab2\vj2.c(16,23): error C2059: syntax error: '<parameter-list>'
C:\Users\KORISNIK\source\repos\lab2\lab2\vj2.c(17,10): error C2061: syntax error: identifier 'findLast'
C:\Users\KORISNIK\source\repos\lab2\lab2\vj2.c(17,10): error C2059: syntax error: ';'
C:\Users\KORISNIK\source\repos\lab2\lab2\vj2.c(17,28): error C2146: syntax error: missing ')' before identifier 'Head'
C:\Users\KORISNIK\source\repos\lab2\lab2\vj2.c(17,28): error C2061: syntax error: identifier 'Head'
C:\Users\KORISNIK\source\repos\lab2\lab2\vj2.c(17,32): error C2059: syntax error: ')'
C:\Users\KORISNIK\source\repos\lab2\lab2\vj2.c(18,23): error C2146: syntax error: missing ')' before identifier 'P'
C:\Users\KORISNIK\source\repos\lab2\lab2\vj2.c(18,23): error C2061: syntax error: identifier 'P'
C:\Users\KORISNIK\source\repos\lab2\lab2\vj2.c(18,23): error C2059: syntax error: ';'
C:\Users\KORISNIK\source\repos\lab2\lab2\vj2.c(18,24): error C2059: syntax error: ')'
C:\Users\KORISNIK\source\repos\lab2\lab2\vj2.c(19,19): error C2146: syntax error: missing ')' before identifier 'Head'
C:\Users\KORISNIK\source\repos\lab2\lab2\vj2.c(19,19): error C2061: syntax error: identifier 'Head'
C:\Users\KORISNIK\source\repos\lab2\lab2\vj2.c(19,19): error C2059: syntax error: ';'
C:\Users\KORISNIK\source\repos\lab2\lab2\vj2.c(19,23): error C2059: syntax error: ')'
C:\Users\KORISNIK\source\repos\lab2\lab2\vj2.c(24,9): error C2065: 'Person': undeclared identifier
C:\Users\KORISNIK\source\repos\lab2\lab2\vj2.c(24,9): error C2146: syntax error: missing ';' before identifier 'Head'
C:\Users\KORISNIK\source\repos\lab2\lab2\vj2.c(24,13): error C2065: 'Head': undeclared identifier
C:\Users\KORISNIK\source\repos\lab2\lab2\vj2.c(25,6): warning C4013: 'menu' undefined; assuming extern returning int
C:\Users\KORISNIK\source\repos\lab2\lab2\vj2.c(25,12): error C2065: 'Head': undeclared identifier
C:\Users\KORISNIK\source\repos\lab2\lab2\vj2.c(29,10): error C2061: syntax error: identifier 'createPerson'
C:\Users\KORISNIK\source\repos\lab2\lab2\vj2.c(29,10): error C2059: syntax error: ';'
C:\Users\KORISNIK\source\repos\lab2\lab2\vj2.c(29,23): error C2059: syntax error: '<parameter-list>'
C:\Users\KORISNIK\source\repos\lab2\lab2\vj2.c(55,25): error C2146: syntax error: missing ')' before identifier 'Head'
C:\Users\KORISNIK\source\repos\lab2\lab2\vj2.c(55,25): error C2061: syntax error: identifier 'Head'
C:\Users\KORISNIK\source\repos\lab2\lab2\vj2.c(55,25): error C2059: syntax error: ';'
C:\Users\KORISNIK\source\repos\lab2\lab2\vj2.c(55,29): error C2059: syntax error: ')'
C:\Users\KORISNIK\source\repos\lab2\lab2\vj2.c(56,1): error C2449: found '{' at file scope (missing function header?)
C:\Users\KORISNIK\source\repos\lab2\lab2\vj2.c(68,1): error C2059: syntax error: '}'
C:\Users\KORISNIK\source\repos\lab2\lab2\vj2.c(77,29): error C2146: syntax error: missing ')' before identifier 'Head'
C:\Users\KORISNIK\source\repos\lab2\lab2\vj2.c(77,29): error C2061: syntax error: identifier 'Head'
C:\Users\KORISNIK\source\repos\lab2\lab2\vj2.c(77,29): error C2059: syntax error: ';'
C:\Users\KORISNIK\source\repos\lab2\lab2\vj2.c(77,33): error C2059: syntax error: ')'
C:\Users\KORISNIK\source\repos\lab2\lab2\vj2.c(78,1): error C2449: found '{' at file scope (missing function header?)
C:\Users\KORISNIK\source\repos\lab2\lab2\vj2.c(90,1): error C2059: syntax error: '}'
C:\Users\KORISNIK\source\repos\lab2\lab2\vj2.c(104,19): error C2146: syntax error: missing ')' before identifier 'Head'
C:\Users\KORISNIK\source\repos\lab2\lab2\vj2.c(104,19): error C2061: syntax error: identifier 'Head'
C:\Users\KORISNIK\source\repos\lab2\lab2\vj2.c(104,19): error C2059: syntax error: ';'
C:\Users\KORISNIK\source\repos\lab2\lab2\vj2.c(104,23): error C2059: syntax error: ')'
C:\Users\KORISNIK\source\repos\lab2\lab2\vj2.c(105,1): error C2449: found '{' at file scope (missing function header?)
C:\Users\KORISNIK\source\repos\lab2\lab2\vj2.c(122,1): error C2059: syntax error: '}'
